2026-01-14 16:56:14.056 -03:00 [INF] Executed DbCommand (165ms) [Parameters=[], CommandType='"Text"', CommandTimeout='30']
SELECT 1
2026-01-14 16:56:14.257 -03:00 [INF] Executed DbCommand (160ms) [Parameters=[], CommandType='"Text"', CommandTimeout='30']
SELECT OBJECT_ID(N'[__EFMigrationsHistory]');
2026-01-14 16:56:14.415 -03:00 [INF] Executed DbCommand (153ms) [Parameters=[], CommandType='"Text"', CommandTimeout='30']
SELECT 1
2026-01-14 16:56:14.572 -03:00 [INF] Executed DbCommand (152ms) [Parameters=[], CommandType='"Text"', CommandTimeout='30']
SELECT OBJECT_ID(N'[__EFMigrationsHistory]');
2026-01-14 16:56:14.750 -03:00 [INF] Executed DbCommand (153ms) [Parameters=[], CommandType='"Text"', CommandTimeout='30']
SELECT [MigrationId], [ProductVersion]
FROM [__EFMigrationsHistory]
ORDER BY [MigrationId];
2026-01-14 16:56:14.763 -03:00 [INF] No migrations were applied. The database is already up to date.
2026-01-14 17:12:10.824 -03:00 [INF] User profile is available. Using 'C:\Users\klock\AppData\Local\ASP.NET\DataProtection-Keys' as key repository and Windows DPAPI to encrypt keys at rest.
2026-01-14 17:12:10.929 -03:00 [INF] Now listening on: http://localhost:5217
2026-01-14 17:12:10.933 -03:00 [INF] Application started. Press Ctrl+C to shut down.
2026-01-14 17:12:10.934 -03:00 [INF] Hosting environment: Development
2026-01-14 17:12:10.936 -03:00 [INF] Content root path: C:\Users\klock\OneDrive\Desktop\PROJFACILITY.IA
2026-01-14 17:12:12.195 -03:00 [INF] Request starting HTTP/1.1 GET http://localhost:5217/ - null null
2026-01-14 17:12:12.314 -03:00 [INF] The file /index.html was not modified
2026-01-14 17:12:12.338 -03:00 [INF] Request finished HTTP/1.1 GET http://localhost:5217/index.html - 304 null text/html 145.5772ms
2026-01-14 17:12:12.379 -03:00 [INF] Request starting HTTP/1.1 GET http://localhost:5217/config.js - null null
2026-01-14 17:12:12.379 -03:00 [INF] Request starting HTTP/1.1 GET http://localhost:5217/styles.css - null null
2026-01-14 17:12:12.379 -03:00 [INF] Request starting HTTP/1.1 GET http://localhost:5217/script.js - null null
2026-01-14 17:12:12.386 -03:00 [INF] The file /styles.css was not modified
2026-01-14 17:12:12.386 -03:00 [INF] The file /config.js was not modified
2026-01-14 17:12:12.390 -03:00 [INF] Request finished HTTP/1.1 GET http://localhost:5217/styles.css - 304 null text/css 11.4771ms
2026-01-14 17:12:12.390 -03:00 [INF] Request finished HTTP/1.1 GET http://localhost:5217/config.js - 304 null text/javascript 11.5909ms
2026-01-14 17:12:12.390 -03:00 [INF] The file /script.js was not modified
2026-01-14 17:12:12.397 -03:00 [INF] Request finished HTTP/1.1 GET http://localhost:5217/script.js - 304 null text/javascript 17.7932ms
2026-01-14 17:12:12.563 -03:00 [INF] Request starting HTTP/1.1 GET http://localhost:5217/favicon.ico - null null
2026-01-14 17:12:12.572 -03:00 [WRN] Failed to determine the https port for redirect.
2026-01-14 17:12:12.638 -03:00 [INF] Request finished HTTP/1.1 GET http://localhost:5217/favicon.ico - 404 0 null 74.5757ms
2026-01-14 17:12:12.646 -03:00 [INF] Request reached the end of the middleware pipeline without being handled by application code. Request path: GET http://localhost:5217/favicon.ico, Response status code: 404
2026-01-14 17:12:13.525 -03:00 [INF] Request starting HTTP/1.1 GET http://localhost:5217/login.html - null null
2026-01-14 17:12:13.528 -03:00 [INF] The file /login.html was not modified
2026-01-14 17:12:13.529 -03:00 [INF] Request finished HTTP/1.1 GET http://localhost:5217/login.html - 304 null text/html 3.8248ms
2026-01-14 17:12:14.753 -03:00 [INF] Request starting HTTP/1.1 GET http://localhost:5217/cadastrodeusuario.html - null null
2026-01-14 17:12:14.836 -03:00 [INF] Sending file. Request path: '/cadastrodeusuario.html'. Physical path: 'C:\Users\klock\OneDrive\Desktop\PROJFACILITY.IA\wwwroot\cadastrodeusuario.html'
2026-01-14 17:12:14.839 -03:00 [INF] Request finished HTTP/1.1 GET http://localhost:5217/cadastrodeusuario.html - 200 8206 text/html 85.4563ms
2026-01-14 17:12:18.017 -03:00 [INF] Request starting HTTP/1.1 POST http://localhost:5217/api/auth/enviar-codigo - application/json 36
2026-01-14 17:12:18.025 -03:00 [INF] CORS policy execution successful.
2026-01-14 17:12:18.033 -03:00 [INF] Executing endpoint 'PROJFACILITY.IA.Controllers.AuthController.EnviarCodigo (PROJFACILITY.IA)'
2026-01-14 17:12:18.060 -03:00 [INF] Route matched with {action = "EnviarCodigo", controller = "Auth"}. Executing controller action with signature System.Threading.Tasks.Task`1[Microsoft.AspNetCore.Mvc.IActionResult] EnviarCodigo(PROJFACILITY.IA.Controllers.EnviarCodigoRequest) on controller PROJFACILITY.IA.Controllers.AuthController (PROJFACILITY.IA).
2026-01-14 17:12:19.828 -03:00 [INF] Executed DbCommand (227ms) [Parameters=[@__request_Email_0='?' (Size = 4000)], CommandType='"Text"', CommandTimeout='30']
SELECT TOP(1) [u].[Id], [u].[CreatedAt], [u].[Email], [u].[IsActive], [u].[LastLogin], [u].[LastResetDate], [u].[Name], [u].[Password], [u].[Plan], [u].[Role], [u].[SubscriptionCycle], [u].[UsedTokensCurrentMonth], [u].[VerificationCode], [u].[VerificationCodeExpires]
FROM [Users] AS [u]
WHERE [u].[Email] = @__request_Email_0
2026-01-14 17:12:20.223 -03:00 [INF] Executed DbCommand (199ms) [Parameters=[@p0='?' (DbType = DateTime2), @p1='?' (Size = 4000), @p2='?' (DbType = Boolean), @p3='?' (DbType = DateTime2), @p4='?' (DbType = DateTime2), @p5='?' (Size = 4000), @p6='?' (Size = 4000), @p7='?' (Size = 4000), @p8='?' (Size = 4000), @p9='?' (Size = 4000), @p10='?' (DbType = Int64), @p11='?' (Size = 4000), @p12='?' (DbType = DateTime2)], CommandType='"Text"', CommandTimeout='30']
SET IMPLICIT_TRANSACTIONS OFF;
SET NOCOUNT ON;
INSERT INTO [Users] ([CreatedAt], [Email], [IsActive], [LastLogin], [LastResetDate], [Name], [Password], [Plan], [Role], [SubscriptionCycle], [UsedTokensCurrentMonth], [VerificationCode], [VerificationCodeExpires])
OUTPUT INSERTED.[Id]
VALUES (@p0, @p1, @p2, @p3, @p4, @p5, @p6, @p7, @p8, @p9, @p10, @p11, @p12);
2026-01-14 17:12:24.222 -03:00 [INF] Email enviado com sucesso para Facility.ia001@gmail.com
2026-01-14 17:12:24.227 -03:00 [INF] Executing OkObjectResult, writing value of type '<>f__AnonymousType4`1[[System.String, System.Private.CoreLib, Version=8.0.0.0, Culture=neutral, PublicKeyToken=7cec85d7bea7798e]]'.
2026-01-14 17:12:24.251 -03:00 [INF] Executed action PROJFACILITY.IA.Controllers.AuthController.EnviarCodigo (PROJFACILITY.IA) in 6183.2098ms
2026-01-14 17:12:24.254 -03:00 [INF] Executed endpoint 'PROJFACILITY.IA.Controllers.AuthController.EnviarCodigo (PROJFACILITY.IA)'
2026-01-14 17:12:24.260 -03:00 [INF] Request finished HTTP/1.1 POST http://localhost:5217/api/auth/enviar-codigo - 200 null application/json; charset=utf-8 6242.6567ms
2026-01-14 17:12:56.623 -03:00 [INF] Request starting HTTP/1.1 POST http://localhost:5217/api/auth/registrar - application/json 88
2026-01-14 17:12:56.628 -03:00 [INF] CORS policy execution successful.
2026-01-14 17:12:56.631 -03:00 [INF] Executing endpoint 'PROJFACILITY.IA.Controllers.AuthController.Registrar (PROJFACILITY.IA)'
2026-01-14 17:12:56.641 -03:00 [INF] Route matched with {action = "Registrar", controller = "Auth"}. Executing controller action with signature System.Threading.Tasks.Task`1[Microsoft.AspNetCore.Mvc.IActionResult] Registrar(PROJFACILITY.IA.Controllers.RegistrarRequest) on controller PROJFACILITY.IA.Controllers.AuthController (PROJFACILITY.IA).
2026-01-14 17:12:56.917 -03:00 [INF] Executed DbCommand (154ms) [Parameters=[@__request_Email_0='?' (Size = 4000)], CommandType='"Text"', CommandTimeout='30']
SELECT TOP(1) [u].[Id], [u].[CreatedAt], [u].[Email], [u].[IsActive], [u].[LastLogin], [u].[LastResetDate], [u].[Name], [u].[Password], [u].[Plan], [u].[Role], [u].[SubscriptionCycle], [u].[UsedTokensCurrentMonth], [u].[VerificationCode], [u].[VerificationCodeExpires]
FROM [Users] AS [u]
WHERE [u].[Email] = @__request_Email_0
2026-01-14 17:12:57.406 -03:00 [INF] Executed DbCommand (173ms) [Parameters=[@p4='?' (DbType = Int32), @p0='?' (DbType = Boolean), @p1='?' (Size = 4000), @p2='?' (Size = 4000), @p3='?' (Size = 4000)], CommandType='"Text"', CommandTimeout='30']
SET IMPLICIT_TRANSACTIONS OFF;
SET NOCOUNT ON;
UPDATE [Users] SET [IsActive] = @p0, [Name] = @p1, [Password] = @p2, [VerificationCode] = @p3
OUTPUT 1
WHERE [Id] = @p4;
2026-01-14 17:12:57.475 -03:00 [INF] Executing OkObjectResult, writing value of type '<>f__AnonymousType7`2[[System.String, System.Private.CoreLib, Version=8.0.0.0, Culture=neutral, PublicKeyToken=7cec85d7bea7798e],[<>f__AnonymousType8`4[[System.Int32, System.Private.CoreLib, Version=8.0.0.0, Culture=neutral, PublicKeyToken=7cec85d7bea7798e],[System.String, System.Private.CoreLib, Version=8.0.0.0, Culture=neutral, PublicKeyToken=7cec85d7bea7798e],[System.String, System.Private.CoreLib, Version=8.0.0.0, Culture=neutral, PublicKeyToken=7cec85d7bea7798e],[System.String, System.Private.CoreLib, Version=8.0.0.0, Culture=neutral, PublicKeyToken=7cec85d7bea7798e]], PROJFACILITY.IA, Version=1.0.0.0, Culture=neutral, PublicKeyToken=null]]'.
2026-01-14 17:12:57.485 -03:00 [INF] Executed action PROJFACILITY.IA.Controllers.AuthController.Registrar (PROJFACILITY.IA) in 841.8803ms
2026-01-14 17:12:57.487 -03:00 [INF] Executed endpoint 'PROJFACILITY.IA.Controllers.AuthController.Registrar (PROJFACILITY.IA)'
2026-01-14 17:12:57.489 -03:00 [INF] Request finished HTTP/1.1 POST http://localhost:5217/api/auth/registrar - 200 null application/json; charset=utf-8 865.9622ms
2026-01-14 17:12:58.515 -03:00 [INF] Request starting HTTP/1.1 GET http://localhost:5217/dashboard.html - null null
2026-01-14 17:12:58.519 -03:00 [INF] The file /dashboard.html was not modified
2026-01-14 17:12:58.520 -03:00 [INF] Request finished HTTP/1.1 GET http://localhost:5217/dashboard.html - 304 null text/html 4.9115ms
2026-01-14 17:14:18.760 -03:00 [INF] Request starting HTTP/1.1 POST http://localhost:5217/api/auth/login - application/json 55
2026-01-14 17:14:18.762 -03:00 [INF] CORS policy execution successful.
2026-01-14 17:14:18.763 -03:00 [INF] Executing endpoint 'PROJFACILITY.IA.Controllers.AuthController.Login (PROJFACILITY.IA)'
2026-01-14 17:14:18.767 -03:00 [INF] Route matched with {action = "Login", controller = "Auth"}. Executing controller action with signature System.Threading.Tasks.Task`1[Microsoft.AspNetCore.Mvc.IActionResult] Login(PROJFACILITY.IA.Controllers.LoginRequest) on controller PROJFACILITY.IA.Controllers.AuthController (PROJFACILITY.IA).
2026-01-14 17:14:18.980 -03:00 [INF] Executed DbCommand (155ms) [Parameters=[@__request_Email_0='?' (Size = 4000)], CommandType='"Text"', CommandTimeout='30']
SELECT TOP(1) [u].[Id], [u].[CreatedAt], [u].[Email], [u].[IsActive], [u].[LastLogin], [u].[LastResetDate], [u].[Name], [u].[Password], [u].[Plan], [u].[Role], [u].[SubscriptionCycle], [u].[UsedTokensCurrentMonth], [u].[VerificationCode], [u].[VerificationCodeExpires]
FROM [Users] AS [u]
WHERE [u].[Email] = @__request_Email_0
2026-01-14 17:14:18.987 -03:00 [INF] Executing UnauthorizedObjectResult, writing value of type '<>f__AnonymousType4`1[[System.String, System.Private.CoreLib, Version=8.0.0.0, Culture=neutral, PublicKeyToken=7cec85d7bea7798e]]'.
2026-01-14 17:14:18.988 -03:00 [INF] Executed action PROJFACILITY.IA.Controllers.AuthController.Login (PROJFACILITY.IA) in 218.2231ms
2026-01-14 17:14:18.989 -03:00 [INF] Executed endpoint 'PROJFACILITY.IA.Controllers.AuthController.Login (PROJFACILITY.IA)'
2026-01-14 17:14:18.991 -03:00 [INF] Request finished HTTP/1.1 POST http://localhost:5217/api/auth/login - 401 null application/json; charset=utf-8 231.2883ms
2026-01-14 17:14:20.085 -03:00 [INF] Request starting HTTP/1.1 POST http://localhost:5217/api/auth/login - application/json 55
2026-01-14 17:14:20.090 -03:00 [INF] CORS policy execution successful.
2026-01-14 17:14:20.091 -03:00 [INF] Executing endpoint 'PROJFACILITY.IA.Controllers.AuthController.Login (PROJFACILITY.IA)'
2026-01-14 17:14:20.092 -03:00 [INF] Route matched with {action = "Login", controller = "Auth"}. Executing controller action with signature System.Threading.Tasks.Task`1[Microsoft.AspNetCore.Mvc.IActionResult] Login(PROJFACILITY.IA.Controllers.LoginRequest) on controller PROJFACILITY.IA.Controllers.AuthController (PROJFACILITY.IA).
2026-01-14 17:14:20.249 -03:00 [INF] Executed DbCommand (154ms) [Parameters=[@__request_Email_0='?' (Size = 4000)], CommandType='"Text"', CommandTimeout='30']
SELECT TOP(1) [u].[Id], [u].[CreatedAt], [u].[Email], [u].[IsActive], [u].[LastLogin], [u].[LastResetDate], [u].[Name], [u].[Password], [u].[Plan], [u].[Role], [u].[SubscriptionCycle], [u].[UsedTokensCurrentMonth], [u].[VerificationCode], [u].[VerificationCodeExpires]
FROM [Users] AS [u]
WHERE [u].[Email] = @__request_Email_0
2026-01-14 17:14:20.253 -03:00 [INF] Executing UnauthorizedObjectResult, writing value of type '<>f__AnonymousType4`1[[System.String, System.Private.CoreLib, Version=8.0.0.0, Culture=neutral, PublicKeyToken=7cec85d7bea7798e]]'.
2026-01-14 17:14:20.254 -03:00 [INF] Executed action PROJFACILITY.IA.Controllers.AuthController.Login (PROJFACILITY.IA) in 161.0556ms
2026-01-14 17:14:20.256 -03:00 [INF] Executed endpoint 'PROJFACILITY.IA.Controllers.AuthController.Login (PROJFACILITY.IA)'
2026-01-14 17:14:20.257 -03:00 [INF] Request finished HTTP/1.1 POST http://localhost:5217/api/auth/login - 401 null application/json; charset=utf-8 172.1769ms
2026-01-14 17:14:24.526 -03:00 [INF] Request starting HTTP/1.1 POST http://localhost:5217/api/auth/login - application/json 57
2026-01-14 17:14:24.530 -03:00 [INF] CORS policy execution successful.
2026-01-14 17:14:24.531 -03:00 [INF] Executing endpoint 'PROJFACILITY.IA.Controllers.AuthController.Login (PROJFACILITY.IA)'
2026-01-14 17:14:24.532 -03:00 [INF] Route matched with {action = "Login", controller = "Auth"}. Executing controller action with signature System.Threading.Tasks.Task`1[Microsoft.AspNetCore.Mvc.IActionResult] Login(PROJFACILITY.IA.Controllers.LoginRequest) on controller PROJFACILITY.IA.Controllers.AuthController (PROJFACILITY.IA).
2026-01-14 17:14:24.691 -03:00 [INF] Executed DbCommand (155ms) [Parameters=[@__request_Email_0='?' (Size = 4000)], CommandType='"Text"', CommandTimeout='30']
SELECT TOP(1) [u].[Id], [u].[CreatedAt], [u].[Email], [u].[IsActive], [u].[LastLogin], [u].[LastResetDate], [u].[Name], [u].[Password], [u].[Plan], [u].[Role], [u].[SubscriptionCycle], [u].[UsedTokensCurrentMonth], [u].[VerificationCode], [u].[VerificationCodeExpires]
FROM [Users] AS [u]
WHERE [u].[Email] = @__request_Email_0
2026-01-14 17:14:25.040 -03:00 [INF] Executed DbCommand (191ms) [Parameters=[@p1='?' (DbType = Int32), @p0='?' (DbType = DateTime2)], CommandType='"Text"', CommandTimeout='30']
SET IMPLICIT_TRANSACTIONS OFF;
SET NOCOUNT ON;
UPDATE [Users] SET [LastLogin] = @p0
OUTPUT 1
WHERE [Id] = @p1;
2026-01-14 17:14:25.043 -03:00 [INF] Executing OkObjectResult, writing value of type '<>f__AnonymousType7`2[[System.String, System.Private.CoreLib, Version=8.0.0.0, Culture=neutral, PublicKeyToken=7cec85d7bea7798e],[<>f__AnonymousType8`4[[System.Int32, System.Private.CoreLib, Version=8.0.0.0, Culture=neutral, PublicKeyToken=7cec85d7bea7798e],[System.String, System.Private.CoreLib, Version=8.0.0.0, Culture=neutral, PublicKeyToken=7cec85d7bea7798e],[System.String, System.Private.CoreLib, Version=8.0.0.0, Culture=neutral, PublicKeyToken=7cec85d7bea7798e],[System.String, System.Private.CoreLib, Version=8.0.0.0, Culture=neutral, PublicKeyToken=7cec85d7bea7798e]], PROJFACILITY.IA, Version=1.0.0.0, Culture=neutral, PublicKeyToken=null]]'.
2026-01-14 17:14:25.045 -03:00 [INF] Executed action PROJFACILITY.IA.Controllers.AuthController.Login (PROJFACILITY.IA) in 511.0416ms
2026-01-14 17:14:25.046 -03:00 [INF] Executed endpoint 'PROJFACILITY.IA.Controllers.AuthController.Login (PROJFACILITY.IA)'
2026-01-14 17:14:25.047 -03:00 [INF] Request finished HTTP/1.1 POST http://localhost:5217/api/auth/login - 200 null application/json; charset=utf-8 520.8031ms
2026-01-14 17:14:38.537 -03:00 [INF] Application is shutting down...
2026-01-14 20:27:19.072 -03:00 [INF] User profile is available. Using 'C:\Users\klock\AppData\Local\ASP.NET\DataProtection-Keys' as key repository and Windows DPAPI to encrypt keys at rest.
2026-01-14 20:27:19.205 -03:00 [INF] Now listening on: http://localhost:5217
2026-01-14 20:27:19.208 -03:00 [INF] Application started. Press Ctrl+C to shut down.
2026-01-14 20:27:19.209 -03:00 [INF] Hosting environment: Development
2026-01-14 20:27:19.209 -03:00 [INF] Content root path: C:\Users\klock\OneDrive\Desktop\PROJFACILITY.IA
2026-01-14 20:27:19.507 -03:00 [INF] Request starting HTTP/1.1 GET http://localhost:5217/swagger/index.html - null null
2026-01-14 20:27:19.682 -03:00 [INF] Request finished HTTP/1.1 GET http://localhost:5217/swagger/index.html - 200 null text/html;charset=utf-8 176.0998ms
2026-01-14 20:27:19.689 -03:00 [INF] Request starting HTTP/1.1 GET http://localhost:5217/_framework/aspnetcore-browser-refresh.js - null null
2026-01-14 20:27:19.693 -03:00 [INF] Request finished HTTP/1.1 GET http://localhost:5217/_framework/aspnetcore-browser-refresh.js - 200 13732 application/javascript; charset=utf-8 4.506ms
2026-01-14 20:27:19.831 -03:00 [INF] Request starting HTTP/1.1 GET http://localhost:5217/swagger/v1/swagger.json - null null
2026-01-14 20:27:19.928 -03:00 [INF] Request finished HTTP/1.1 GET http://localhost:5217/swagger/v1/swagger.json - 200 null application/json;charset=utf-8 97.5197ms
2026-01-14 21:03:16.615 -03:00 [INF] Request starting HTTP/1.1 OPTIONS http://localhost:5217/api/auth/login - null null
2026-01-14 21:03:16.622 -03:00 [WRN] Failed to determine the https port for redirect.
2026-01-14 21:03:16.624 -03:00 [INF] CORS policy execution successful.
2026-01-14 21:03:16.626 -03:00 [INF] Request finished HTTP/1.1 OPTIONS http://localhost:5217/api/auth/login - 204 null null 11.543ms
2026-01-14 21:03:16.628 -03:00 [INF] Request starting HTTP/1.1 POST http://localhost:5217/api/auth/login - application/json 52
2026-01-14 21:03:16.632 -03:00 [INF] CORS policy execution successful.
2026-01-14 21:03:16.648 -03:00 [ERR] ERRO CRÍTICO NÃO TRATADO: Exception has been thrown by the target of an invocation.
System.Reflection.TargetInvocationException: Exception has been thrown by the target of an invocation.
 ---> System.IO.FileNotFoundException: Could not load file or assembly 'System.IdentityModel.Tokens.Jwt, Version=7.0.3.0, Culture=neutral, PublicKeyToken=31bf3856ad364e35'. O sistema não pode encontrar o arquivo especificado.
File name: 'System.IdentityModel.Tokens.Jwt, Version=7.0.3.0, Culture=neutral, PublicKeyToken=31bf3856ad364e35'
   at Microsoft.AspNetCore.Authentication.JwtBearer.JwtBearerOptions..ctor()
   at System.RuntimeType.CreateInstanceOfT()
   --- End of inner exception stack trace ---
   at System.RuntimeType.CreateInstanceOfT()
   at System.Activator.CreateInstance[T]()
   at Microsoft.Extensions.Options.OptionsFactory`1.CreateInstance(String name)
   at Microsoft.Extensions.Options.OptionsFactory`1.Create(String name)
   at Microsoft.Extensions.Options.OptionsMonitor`1.<>c.<Get>b__10_0(String name, IOptionsFactory`1 factory)
   at Microsoft.Extensions.Options.OptionsCache`1.<>c__DisplayClass3_1`1.<GetOrAdd>b__2()
   at System.Lazy`1.ViaFactory(LazyThreadSafetyMode mode)
   at System.Lazy`1.ExecutionAndPublication(LazyHelper executionAndPublication, Boolean useDefaultConstructor)
   at System.Lazy`1.CreateValue()
   at Microsoft.Extensions.Options.OptionsCache`1.GetOrAdd[TArg](String name, Func`3 createOptions, TArg factoryArgument)
   at Microsoft.Extensions.Options.OptionsMonitor`1.Get(String name)
   at Microsoft.AspNetCore.Authentication.AuthenticationHandler`1.InitializeAsync(AuthenticationScheme scheme, HttpContext context)
   at Microsoft.AspNetCore.Authentication.AuthenticationHandlerProvider.GetHandlerAsync(HttpContext context, String authenticationScheme)
   at Microsoft.AspNetCore.Authentication.AuthenticationService.AuthenticateAsync(HttpContext context, String scheme)
   at Microsoft.AspNetCore.Authentication.AuthenticationMiddleware.Invoke(HttpContext context)
   at Swashbuckle.AspNetCore.SwaggerUI.SwaggerUIMiddleware.Invoke(HttpContext httpContext)
   at Swashbuckle.AspNetCore.Swagger.SwaggerMiddleware.Invoke(HttpContext httpContext, ISwaggerProvider swaggerProvider)
   at PROJFACILITY.IA.Middlewares.ExceptionHandlingMiddleware.InvokeAsync(HttpContext context)
2026-01-14 21:03:16.669 -03:00 [INF] Request finished HTTP/1.1 POST http://localhost:5217/api/auth/login - 500 null application/json 40.8212ms
2026-01-14 21:03:19.800 -03:00 [INF] Request starting HTTP/1.1 POST http://localhost:5217/api/auth/login - application/json 52
2026-01-14 21:03:19.801 -03:00 [INF] CORS policy execution successful.
2026-01-14 21:03:19.803 -03:00 [ERR] ERRO CRÍTICO NÃO TRATADO: Exception has been thrown by the target of an invocation.
System.Reflection.TargetInvocationException: Exception has been thrown by the target of an invocation.
 ---> System.IO.FileNotFoundException: Could not load file or assembly 'System.IdentityModel.Tokens.Jwt, Version=7.0.3.0, Culture=neutral, PublicKeyToken=31bf3856ad364e35'. O sistema não pode encontrar o arquivo especificado.
File name: 'System.IdentityModel.Tokens.Jwt, Version=7.0.3.0, Culture=neutral, PublicKeyToken=31bf3856ad364e35'
   at Microsoft.AspNetCore.Authentication.JwtBearer.JwtBearerOptions..ctor()
   at System.RuntimeType.CreateInstanceOfT()
   --- End of inner exception stack trace ---
   at System.RuntimeType.CreateInstanceOfT()
   at System.Activator.CreateInstance[T]()
   at Microsoft.Extensions.Options.OptionsFactory`1.CreateInstance(String name)
   at Microsoft.Extensions.Options.OptionsFactory`1.Create(String name)
   at Microsoft.Extensions.Options.OptionsMonitor`1.<>c.<Get>b__10_0(String name, IOptionsFactory`1 factory)
   at Microsoft.Extensions.Options.OptionsCache`1.<>c__DisplayClass3_1`1.<GetOrAdd>b__2()
   at System.Lazy`1.ViaFactory(LazyThreadSafetyMode mode)
--- End of stack trace from previous location ---
   at System.Lazy`1.CreateValue()
   at Microsoft.Extensions.Options.OptionsCache`1.GetOrAdd[TArg](String name, Func`3 createOptions, TArg factoryArgument)
   at Microsoft.Extensions.Options.OptionsMonitor`1.Get(String name)
   at Microsoft.AspNetCore.Authentication.AuthenticationHandler`1.InitializeAsync(AuthenticationScheme scheme, HttpContext context)
   at Microsoft.AspNetCore.Authentication.AuthenticationHandlerProvider.GetHandlerAsync(HttpContext context, String authenticationScheme)
   at Microsoft.AspNetCore.Authentication.AuthenticationService.AuthenticateAsync(HttpContext context, String scheme)
   at Microsoft.AspNetCore.Authentication.AuthenticationMiddleware.Invoke(HttpContext context)
   at Swashbuckle.AspNetCore.SwaggerUI.SwaggerUIMiddleware.Invoke(HttpContext httpContext)
   at Swashbuckle.AspNetCore.Swagger.SwaggerMiddleware.Invoke(HttpContext httpContext, ISwaggerProvider swaggerProvider)
   at PROJFACILITY.IA.Middlewares.ExceptionHandlingMiddleware.InvokeAsync(HttpContext context)
2026-01-14 21:03:19.807 -03:00 [INF] Request finished HTTP/1.1 POST http://localhost:5217/api/auth/login - 500 null application/json 6.5327ms
2026-01-14 21:03:20.332 -03:00 [INF] Request starting HTTP/1.1 POST http://localhost:5217/api/auth/login - application/json 52
2026-01-14 21:03:20.332 -03:00 [INF] CORS policy execution successful.
2026-01-14 21:03:20.335 -03:00 [ERR] ERRO CRÍTICO NÃO TRATADO: Exception has been thrown by the target of an invocation.
System.Reflection.TargetInvocationException: Exception has been thrown by the target of an invocation.
 ---> System.IO.FileNotFoundException: Could not load file or assembly 'System.IdentityModel.Tokens.Jwt, Version=7.0.3.0, Culture=neutral, PublicKeyToken=31bf3856ad364e35'. O sistema não pode encontrar o arquivo especificado.
File name: 'System.IdentityModel.Tokens.Jwt, Version=7.0.3.0, Culture=neutral, PublicKeyToken=31bf3856ad364e35'
   at Microsoft.AspNetCore.Authentication.JwtBearer.JwtBearerOptions..ctor()
   at System.RuntimeType.CreateInstanceOfT()
   --- End of inner exception stack trace ---
   at System.RuntimeType.CreateInstanceOfT()
   at System.Activator.CreateInstance[T]()
   at Microsoft.Extensions.Options.OptionsFactory`1.CreateInstance(String name)
   at Microsoft.Extensions.Options.OptionsFactory`1.Create(String name)
   at Microsoft.Extensions.Options.OptionsMonitor`1.<>c.<Get>b__10_0(String name, IOptionsFactory`1 factory)
   at Microsoft.Extensions.Options.OptionsCache`1.<>c__DisplayClass3_1`1.<GetOrAdd>b__2()
   at System.Lazy`1.ViaFactory(LazyThreadSafetyMode mode)
--- End of stack trace from previous location ---
   at System.Lazy`1.CreateValue()
   at Microsoft.Extensions.Options.OptionsCache`1.GetOrAdd[TArg](String name, Func`3 createOptions, TArg factoryArgument)
   at Microsoft.Extensions.Options.OptionsMonitor`1.Get(String name)
   at Microsoft.AspNetCore.Authentication.AuthenticationHandler`1.InitializeAsync(AuthenticationScheme scheme, HttpContext context)
   at Microsoft.AspNetCore.Authentication.AuthenticationHandlerProvider.GetHandlerAsync(HttpContext context, String authenticationScheme)
   at Microsoft.AspNetCore.Authentication.AuthenticationService.AuthenticateAsync(HttpContext context, String scheme)
   at Microsoft.AspNetCore.Authentication.AuthenticationMiddleware.Invoke(HttpContext context)
   at Swashbuckle.AspNetCore.SwaggerUI.SwaggerUIMiddleware.Invoke(HttpContext httpContext)
   at Swashbuckle.AspNetCore.Swagger.SwaggerMiddleware.Invoke(HttpContext httpContext, ISwaggerProvider swaggerProvider)
   at PROJFACILITY.IA.Middlewares.ExceptionHandlingMiddleware.InvokeAsync(HttpContext context)
2026-01-14 21:03:20.337 -03:00 [INF] Request finished HTTP/1.1 POST http://localhost:5217/api/auth/login - 500 null application/json 4.6161ms
2026-01-14 21:03:20.574 -03:00 [INF] Request starting HTTP/1.1 POST http://localhost:5217/api/auth/login - application/json 52
2026-01-14 21:03:20.575 -03:00 [INF] CORS policy execution successful.
2026-01-14 21:03:20.575 -03:00 [ERR] ERRO CRÍTICO NÃO TRATADO: Exception has been thrown by the target of an invocation.
System.Reflection.TargetInvocationException: Exception has been thrown by the target of an invocation.
 ---> System.IO.FileNotFoundException: Could not load file or assembly 'System.IdentityModel.Tokens.Jwt, Version=7.0.3.0, Culture=neutral, PublicKeyToken=31bf3856ad364e35'. O sistema não pode encontrar o arquivo especificado.
File name: 'System.IdentityModel.Tokens.Jwt, Version=7.0.3.0, Culture=neutral, PublicKeyToken=31bf3856ad364e35'
   at Microsoft.AspNetCore.Authentication.JwtBearer.JwtBearerOptions..ctor()
   at System.RuntimeType.CreateInstanceOfT()
   --- End of inner exception stack trace ---
   at System.RuntimeType.CreateInstanceOfT()
   at System.Activator.CreateInstance[T]()
   at Microsoft.Extensions.Options.OptionsFactory`1.CreateInstance(String name)
   at Microsoft.Extensions.Options.OptionsFactory`1.Create(String name)
   at Microsoft.Extensions.Options.OptionsMonitor`1.<>c.<Get>b__10_0(String name, IOptionsFactory`1 factory)
   at Microsoft.Extensions.Options.OptionsCache`1.<>c__DisplayClass3_1`1.<GetOrAdd>b__2()
   at System.Lazy`1.ViaFactory(LazyThreadSafetyMode mode)
--- End of stack trace from previous location ---
   at System.Lazy`1.CreateValue()
   at Microsoft.Extensions.Options.OptionsCache`1.GetOrAdd[TArg](String name, Func`3 createOptions, TArg factoryArgument)
   at Microsoft.Extensions.Options.OptionsMonitor`1.Get(String name)
   at Microsoft.AspNetCore.Authentication.AuthenticationHandler`1.InitializeAsync(AuthenticationScheme scheme, HttpContext context)
   at Microsoft.AspNetCore.Authentication.AuthenticationHandlerProvider.GetHandlerAsync(HttpContext context, String authenticationScheme)
   at Microsoft.AspNetCore.Authentication.AuthenticationService.AuthenticateAsync(HttpContext context, String scheme)
   at Microsoft.AspNetCore.Authentication.AuthenticationMiddleware.Invoke(HttpContext context)
   at Swashbuckle.AspNetCore.SwaggerUI.SwaggerUIMiddleware.Invoke(HttpContext httpContext)
   at Swashbuckle.AspNetCore.Swagger.SwaggerMiddleware.Invoke(HttpContext httpContext, ISwaggerProvider swaggerProvider)
   at PROJFACILITY.IA.Middlewares.ExceptionHandlingMiddleware.InvokeAsync(HttpContext context)
2026-01-14 21:03:20.576 -03:00 [INF] Request finished HTTP/1.1 POST http://localhost:5217/api/auth/login - 500 null application/json 1.9659ms
2026-01-14 21:03:20.774 -03:00 [INF] Request starting HTTP/1.1 POST http://localhost:5217/api/auth/login - application/json 52
2026-01-14 21:03:20.774 -03:00 [INF] CORS policy execution successful.
2026-01-14 21:03:20.775 -03:00 [ERR] ERRO CRÍTICO NÃO TRATADO: Exception has been thrown by the target of an invocation.
System.Reflection.TargetInvocationException: Exception has been thrown by the target of an invocation.
 ---> System.IO.FileNotFoundException: Could not load file or assembly 'System.IdentityModel.Tokens.Jwt, Version=7.0.3.0, Culture=neutral, PublicKeyToken=31bf3856ad364e35'. O sistema não pode encontrar o arquivo especificado.
File name: 'System.IdentityModel.Tokens.Jwt, Version=7.0.3.0, Culture=neutral, PublicKeyToken=31bf3856ad364e35'
   at Microsoft.AspNetCore.Authentication.JwtBearer.JwtBearerOptions..ctor()
   at System.RuntimeType.CreateInstanceOfT()
   --- End of inner exception stack trace ---
   at System.RuntimeType.CreateInstanceOfT()
   at System.Activator.CreateInstance[T]()
   at Microsoft.Extensions.Options.OptionsFactory`1.CreateInstance(String name)
   at Microsoft.Extensions.Options.OptionsFactory`1.Create(String name)
   at Microsoft.Extensions.Options.OptionsMonitor`1.<>c.<Get>b__10_0(String name, IOptionsFactory`1 factory)
   at Microsoft.Extensions.Options.OptionsCache`1.<>c__DisplayClass3_1`1.<GetOrAdd>b__2()
   at System.Lazy`1.ViaFactory(LazyThreadSafetyMode mode)
--- End of stack trace from previous location ---
   at System.Lazy`1.CreateValue()
   at Microsoft.Extensions.Options.OptionsCache`1.GetOrAdd[TArg](String name, Func`3 createOptions, TArg factoryArgument)
   at Microsoft.Extensions.Options.OptionsMonitor`1.Get(String name)
   at Microsoft.AspNetCore.Authentication.AuthenticationHandler`1.InitializeAsync(AuthenticationScheme scheme, HttpContext context)
   at Microsoft.AspNetCore.Authentication.AuthenticationHandlerProvider.GetHandlerAsync(HttpContext context, String authenticationScheme)
   at Microsoft.AspNetCore.Authentication.AuthenticationService.AuthenticateAsync(HttpContext context, String scheme)
   at Microsoft.AspNetCore.Authentication.AuthenticationMiddleware.Invoke(HttpContext context)
   at Swashbuckle.AspNetCore.SwaggerUI.SwaggerUIMiddleware.Invoke(HttpContext httpContext)
   at Swashbuckle.AspNetCore.Swagger.SwaggerMiddleware.Invoke(HttpContext httpContext, ISwaggerProvider swaggerProvider)
   at PROJFACILITY.IA.Middlewares.ExceptionHandlingMiddleware.InvokeAsync(HttpContext context)
2026-01-14 21:03:20.776 -03:00 [INF] Request finished HTTP/1.1 POST http://localhost:5217/api/auth/login - 500 null application/json 2.2597ms
2026-01-14 21:03:26.204 -03:00 [INF] Application is shutting down...
2026-01-14 21:03:38.145 -03:00 [INF] User profile is available. Using 'C:\Users\klock\AppData\Local\ASP.NET\DataProtection-Keys' as key repository and Windows DPAPI to encrypt keys at rest.
2026-01-14 21:03:38.339 -03:00 [INF] Now listening on: http://localhost:5217
2026-01-14 21:03:38.343 -03:00 [INF] Application started. Press Ctrl+C to shut down.
2026-01-14 21:03:38.345 -03:00 [INF] Hosting environment: Development
2026-01-14 21:03:38.346 -03:00 [INF] Content root path: C:\Users\klock\OneDrive\Desktop\PROJFACILITY.IA
2026-01-14 21:03:39.643 -03:00 [INF] Request starting HTTP/1.1 GET http://localhost:5217/ - null null
2026-01-14 21:03:39.713 -03:00 [INF] Sending file. Request path: '/index.html'. Physical path: 'C:\Users\klock\OneDrive\Desktop\PROJFACILITY.IA\wwwroot\index.html'
2026-01-14 21:03:39.718 -03:00 [INF] Request finished HTTP/1.1 GET http://localhost:5217/index.html - 200 14497 text/html 76.6617ms
2026-01-14 21:03:39.726 -03:00 [INF] Request starting HTTP/1.1 GET http://localhost:5217/script.js - null null
2026-01-14 21:03:39.728 -03:00 [INF] Request starting HTTP/1.1 GET http://localhost:5217/config.js - null null
2026-01-14 21:03:39.736 -03:00 [WRN] Failed to determine the https port for redirect.
2026-01-14 21:03:39.739 -03:00 [INF] Sending file. Request path: '/script.js'. Physical path: 'C:\Users\klock\OneDrive\Desktop\PROJFACILITY.IA\wwwroot\script.js'
2026-01-14 21:03:39.742 -03:00 [INF] Request finished HTTP/1.1 GET http://localhost:5217/script.js - 200 6205 text/javascript 17.1806ms
2026-01-14 21:03:39.862 -03:00 [INF] Request finished HTTP/1.1 GET http://localhost:5217/config.js - 404 0 null 134.2797ms
2026-01-14 21:03:39.868 -03:00 [INF] Request reached the end of the middleware pipeline without being handled by application code. Request path: GET http://localhost:5217/config.js, Response status code: 404
2026-01-14 21:03:39.900 -03:00 [INF] Request starting HTTP/1.1 GET http://localhost:5217/favicon.ico - null null
2026-01-14 21:03:39.904 -03:00 [INF] Request finished HTTP/1.1 GET http://localhost:5217/favicon.ico - 404 0 null 3.4285ms
2026-01-14 21:03:39.909 -03:00 [INF] Request reached the end of the middleware pipeline without being handled by application code. Request path: GET http://localhost:5217/favicon.ico, Response status code: 404
2026-01-14 21:03:51.987 -03:00 [INF] Request starting HTTP/1.1 GET http://localhost:5217/login.html - null null
2026-01-14 21:03:51.994 -03:00 [INF] Sending file. Request path: '/login.html'. Physical path: 'C:\Users\klock\OneDrive\Desktop\PROJFACILITY.IA\wwwroot\login.html'
2026-01-14 21:03:51.996 -03:00 [INF] Request finished HTTP/1.1 GET http://localhost:5217/login.html - 200 5266 text/html 8.404ms
2026-01-14 21:03:52.091 -03:00 [INF] Request starting HTTP/1.1 GET http://localhost:5217/script.js?v=99 - null null
2026-01-14 21:03:52.095 -03:00 [INF] Sending file. Request path: '/script.js'. Physical path: 'C:\Users\klock\OneDrive\Desktop\PROJFACILITY.IA\wwwroot\script.js'
2026-01-14 21:03:52.096 -03:00 [INF] Request finished HTTP/1.1 GET http://localhost:5217/script.js?v=99 - 200 6205 text/javascript 5.2001ms
2026-01-14 21:03:56.751 -03:00 [INF] Request starting HTTP/1.1 POST http://localhost:5217/api/auth/login - application/json 57
2026-01-14 21:03:56.757 -03:00 [INF] CORS policy execution successful.
2026-01-14 21:03:56.841 -03:00 [INF] Executing endpoint 'PROJFACILITY.IA.Controllers.AuthController.Login (PROJFACILITY.IA)'
2026-01-14 21:03:57.100 -03:00 [INF] Route matched with {action = "Login", controller = "Auth"}. Executing controller action with signature System.Threading.Tasks.Task`1[Microsoft.AspNetCore.Mvc.IActionResult] Login(PROJFACILITY.IA.Controllers.LoginRequest) on controller PROJFACILITY.IA.Controllers.AuthController (PROJFACILITY.IA).
2026-01-14 21:04:00.080 -03:00 [INF] Executed DbCommand (224ms) [Parameters=[@__request_Email_0='?' (Size = 4000)], CommandType='"Text"', CommandTimeout='30']
SELECT TOP(1) [u].[Id], [u].[CreatedAt], [u].[Email], [u].[IsActive], [u].[LastLogin], [u].[LastResetDate], [u].[Name], [u].[Password], [u].[Plan], [u].[Role], [u].[SubscriptionCycle], [u].[UsedTokensCurrentMonth], [u].[VerificationCode], [u].[VerificationCodeExpires]
FROM [Users] AS [u]
WHERE [u].[Email] = @__request_Email_0
2026-01-14 21:04:00.659 -03:00 [INF] Executed DbCommand (160ms) [Parameters=[@p1='?' (DbType = Int32), @p0='?' (DbType = DateTime2)], CommandType='"Text"', CommandTimeout='30']
SET IMPLICIT_TRANSACTIONS OFF;
SET NOCOUNT ON;
UPDATE [Users] SET [LastLogin] = @p0
OUTPUT 1
WHERE [Id] = @p1;
2026-01-14 21:04:00.676 -03:00 [INF] Executing OkObjectResult, writing value of type '<>f__AnonymousType7`2[[System.String, System.Private.CoreLib, Version=8.0.0.0, Culture=neutral, PublicKeyToken=7cec85d7bea7798e],[<>f__AnonymousType8`4[[System.Int32, System.Private.CoreLib, Version=8.0.0.0, Culture=neutral, PublicKeyToken=7cec85d7bea7798e],[System.String, System.Private.CoreLib, Version=8.0.0.0, Culture=neutral, PublicKeyToken=7cec85d7bea7798e],[System.String, System.Private.CoreLib, Version=8.0.0.0, Culture=neutral, PublicKeyToken=7cec85d7bea7798e],[System.String, System.Private.CoreLib, Version=8.0.0.0, Culture=neutral, PublicKeyToken=7cec85d7bea7798e]], PROJFACILITY.IA, Version=1.0.0.0, Culture=neutral, PublicKeyToken=null]]'.
2026-01-14 21:04:00.700 -03:00 [INF] Executed action PROJFACILITY.IA.Controllers.AuthController.Login (PROJFACILITY.IA) in 3595.9442ms
2026-01-14 21:04:00.702 -03:00 [INF] Executed endpoint 'PROJFACILITY.IA.Controllers.AuthController.Login (PROJFACILITY.IA)'
2026-01-14 21:04:00.709 -03:00 [INF] Request finished HTTP/1.1 POST http://localhost:5217/api/auth/login - 200 null application/json; charset=utf-8 3958.6601ms
2026-01-14 21:04:01.626 -03:00 [INF] Request starting HTTP/1.1 GET http://localhost:5217/.well-known/appspecific/com.chrome.devtools.json - null null
2026-01-14 21:04:01.630 -03:00 [INF] Request finished HTTP/1.1 GET http://localhost:5217/.well-known/appspecific/com.chrome.devtools.json - 404 0 null 3.381ms
2026-01-14 21:04:01.633 -03:00 [INF] Request reached the end of the middleware pipeline without being handled by application code. Request path: GET http://localhost:5217/.well-known/appspecific/com.chrome.devtools.json, Response status code: 404
2026-01-14 21:04:16.125 -03:00 [INF] Request starting HTTP/1.1 GET http://localhost:5217/.well-known/appspecific/com.chrome.devtools.json - null null
2026-01-14 21:04:16.242 -03:00 [INF] Request finished HTTP/1.1 GET http://localhost:5217/.well-known/appspecific/com.chrome.devtools.json - 404 0 null 116.986ms
2026-01-14 21:04:16.269 -03:00 [INF] Request reached the end of the middleware pipeline without being handled by application code. Request path: GET http://localhost:5217/.well-known/appspecific/com.chrome.devtools.json, Response status code: 404
2026-01-14 21:04:21.221 -03:00 [INF] Request starting HTTP/1.1 GET http://localhost:5217/config.js - null null
2026-01-14 21:04:21.222 -03:00 [INF] Request starting HTTP/1.1 GET http://localhost:5217/script.js - null null
2026-01-14 21:04:21.248 -03:00 [INF] Request finished HTTP/1.1 GET http://localhost:5217/config.js - 404 0 null 26.9901ms
2026-01-14 21:04:21.252 -03:00 [INF] The file /script.js was not modified
2026-01-14 21:04:21.255 -03:00 [INF] Request reached the end of the middleware pipeline without being handled by application code. Request path: GET http://localhost:5217/config.js, Response status code: 404
2026-01-14 21:04:21.256 -03:00 [INF] Request finished HTTP/1.1 GET http://localhost:5217/script.js - 304 null text/javascript 33.4734ms
2026-01-14 21:04:21.351 -03:00 [INF] Request starting HTTP/1.1 GET http://localhost:5217/favicon.ico - null null
2026-01-14 21:04:21.355 -03:00 [INF] Request finished HTTP/1.1 GET http://localhost:5217/favicon.ico - 404 0 null 3.6377ms
2026-01-14 21:04:21.358 -03:00 [INF] Request reached the end of the middleware pipeline without being handled by application code. Request path: GET http://localhost:5217/favicon.ico, Response status code: 404
2026-01-14 21:04:23.769 -03:00 [INF] Request starting HTTP/1.1 GET http://localhost:5217/script.js?v=99 - null null
2026-01-14 21:04:23.773 -03:00 [INF] The file /script.js was not modified
2026-01-14 21:04:23.774 -03:00 [INF] Request finished HTTP/1.1 GET http://localhost:5217/script.js?v=99 - 304 null text/javascript 5.12ms
2026-01-14 21:04:25.180 -03:00 [INF] Request starting HTTP/1.1 POST http://localhost:5217/api/auth/login - application/json 57
2026-01-14 21:04:25.184 -03:00 [INF] CORS policy execution successful.
2026-01-14 21:04:25.185 -03:00 [INF] Executing endpoint 'PROJFACILITY.IA.Controllers.AuthController.Login (PROJFACILITY.IA)'
2026-01-14 21:04:25.187 -03:00 [INF] Route matched with {action = "Login", controller = "Auth"}. Executing controller action with signature System.Threading.Tasks.Task`1[Microsoft.AspNetCore.Mvc.IActionResult] Login(PROJFACILITY.IA.Controllers.LoginRequest) on controller PROJFACILITY.IA.Controllers.AuthController (PROJFACILITY.IA).
2026-01-14 21:04:25.359 -03:00 [INF] Executed DbCommand (153ms) [Parameters=[@__request_Email_0='?' (Size = 4000)], CommandType='"Text"', CommandTimeout='30']
SELECT TOP(1) [u].[Id], [u].[CreatedAt], [u].[Email], [u].[IsActive], [u].[LastLogin], [u].[LastResetDate], [u].[Name], [u].[Password], [u].[Plan], [u].[Role], [u].[SubscriptionCycle], [u].[UsedTokensCurrentMonth], [u].[VerificationCode], [u].[VerificationCodeExpires]
FROM [Users] AS [u]
WHERE [u].[Email] = @__request_Email_0
2026-01-14 21:04:25.663 -03:00 [INF] Executed DbCommand (158ms) [Parameters=[@p1='?' (DbType = Int32), @p0='?' (DbType = DateTime2)], CommandType='"Text"', CommandTimeout='30']
SET IMPLICIT_TRANSACTIONS OFF;
SET NOCOUNT ON;
UPDATE [Users] SET [LastLogin] = @p0
OUTPUT 1
WHERE [Id] = @p1;
2026-01-14 21:04:25.667 -03:00 [INF] Executing OkObjectResult, writing value of type '<>f__AnonymousType7`2[[System.String, System.Private.CoreLib, Version=8.0.0.0, Culture=neutral, PublicKeyToken=7cec85d7bea7798e],[<>f__AnonymousType8`4[[System.Int32, System.Private.CoreLib, Version=8.0.0.0, Culture=neutral, PublicKeyToken=7cec85d7bea7798e],[System.String, System.Private.CoreLib, Version=8.0.0.0, Culture=neutral, PublicKeyToken=7cec85d7bea7798e],[System.String, System.Private.CoreLib, Version=8.0.0.0, Culture=neutral, PublicKeyToken=7cec85d7bea7798e],[System.String, System.Private.CoreLib, Version=8.0.0.0, Culture=neutral, PublicKeyToken=7cec85d7bea7798e]], PROJFACILITY.IA, Version=1.0.0.0, Culture=neutral, PublicKeyToken=null]]'.
2026-01-14 21:04:25.669 -03:00 [INF] Executed action PROJFACILITY.IA.Controllers.AuthController.Login (PROJFACILITY.IA) in 480.0612ms
2026-01-14 21:04:25.671 -03:00 [INF] Executed endpoint 'PROJFACILITY.IA.Controllers.AuthController.Login (PROJFACILITY.IA)'
2026-01-14 21:04:25.673 -03:00 [INF] Request finished HTTP/1.1 POST http://localhost:5217/api/auth/login - 200 null application/json; charset=utf-8 492.8033ms
2026-01-14 21:04:26.696 -03:00 [INF] Request starting HTTP/1.1 GET http://localhost:5217/dashboard.html - null null
2026-01-14 21:04:26.784 -03:00 [INF] Sending file. Request path: '/dashboard.html'. Physical path: 'C:\Users\klock\OneDrive\Desktop\PROJFACILITY.IA\wwwroot\dashboard.html'
2026-01-14 21:04:26.785 -03:00 [INF] Request finished HTTP/1.1 GET http://localhost:5217/dashboard.html - 200 16918 text/html 88.9866ms
2026-01-14 21:04:26.792 -03:00 [INF] Request starting HTTP/1.1 GET http://localhost:5217/config.js - null null
2026-01-14 21:04:26.796 -03:00 [INF] Request finished HTTP/1.1 GET http://localhost:5217/config.js - 404 0 null 3.3988ms
2026-01-14 21:04:26.799 -03:00 [INF] Request reached the end of the middleware pipeline without being handled by application code. Request path: GET http://localhost:5217/config.js, Response status code: 404
2026-01-14 21:04:29.814 -03:00 [INF] Request starting HTTP/1.1 GET http://localhost:5217/.well-known/appspecific/com.chrome.devtools.json - null null
2026-01-14 21:04:29.818 -03:00 [INF] Request finished HTTP/1.1 GET http://localhost:5217/.well-known/appspecific/com.chrome.devtools.json - 404 0 null 4.4299ms
2026-01-14 21:04:29.825 -03:00 [INF] Request reached the end of the middleware pipeline without being handled by application code. Request path: GET http://localhost:5217/.well-known/appspecific/com.chrome.devtools.json, Response status code: 404
2026-01-14 21:04:36.331 -03:00 [INF] Request starting HTTP/1.1 GET http://localhost:5217/chatcomIA.html - null null
2026-01-14 21:04:36.404 -03:00 [INF] Sending file. Request path: '/chatcomIA.html'. Physical path: 'C:\Users\klock\OneDrive\Desktop\PROJFACILITY.IA\wwwroot\chatcomIA.html'
2026-01-14 21:04:36.406 -03:00 [INF] Request finished HTTP/1.1 GET http://localhost:5217/chatcomIA.html - 200 47388 text/html 75.2375ms
2026-01-14 21:04:36.418 -03:00 [INF] Request starting HTTP/1.1 GET http://localhost:5217/config.js - null null
2026-01-14 21:04:36.418 -03:00 [INF] Request starting HTTP/1.1 GET http://localhost:5217/script.js - null null
2026-01-14 21:04:36.429 -03:00 [INF] Request finished HTTP/1.1 GET http://localhost:5217/config.js - 404 0 null 9.9855ms
2026-01-14 21:04:36.432 -03:00 [INF] The file /script.js was not modified
2026-01-14 21:04:36.435 -03:00 [INF] Request reached the end of the middleware pipeline without being handled by application code. Request path: GET http://localhost:5217/config.js, Response status code: 404
2026-01-14 21:04:36.436 -03:00 [INF] Request finished HTTP/1.1 GET http://localhost:5217/script.js - 304 null text/javascript 17.1587ms
2026-01-14 21:04:40.674 -03:00 [INF] Request starting HTTP/1.1 GET http://localhost:5217/meus_prompts.html - null null
2026-01-14 21:04:40.736 -03:00 [INF] Sending file. Request path: '/meus_prompts.html'. Physical path: 'C:\Users\klock\OneDrive\Desktop\PROJFACILITY.IA\wwwroot\meus_prompts.html'
2026-01-14 21:04:40.738 -03:00 [INF] Request finished HTTP/1.1 GET http://localhost:5217/meus_prompts.html - 200 8419 text/html 63.9544ms
2026-01-14 21:04:40.747 -03:00 [INF] Request starting HTTP/1.1 GET http://localhost:5217/config.js - null null
2026-01-14 21:04:40.751 -03:00 [INF] Request finished HTTP/1.1 GET http://localhost:5217/config.js - 404 0 null 3.4962ms
2026-01-14 21:04:40.755 -03:00 [INF] Request reached the end of the middleware pipeline without being handled by application code. Request path: GET http://localhost:5217/config.js, Response status code: 404
2026-01-14 21:04:42.207 -03:00 [INF] Request starting HTTP/1.1 GET http://localhost:5217/prompts.html - null null
2026-01-14 21:04:42.253 -03:00 [INF] Sending file. Request path: '/prompts.html'. Physical path: 'C:\Users\klock\OneDrive\Desktop\PROJFACILITY.IA\wwwroot\prompts.html'
2026-01-14 21:04:42.255 -03:00 [INF] Request finished HTTP/1.1 GET http://localhost:5217/prompts.html - 200 19024 text/html 47.6727ms
2026-01-14 21:04:42.265 -03:00 [INF] Request starting HTTP/1.1 GET http://localhost:5217/config.js - null null
2026-01-14 21:04:42.269 -03:00 [INF] Request finished HTTP/1.1 GET http://localhost:5217/config.js - 404 0 null 3.6726ms
2026-01-14 21:04:42.273 -03:00 [INF] Request reached the end of the middleware pipeline without being handled by application code. Request path: GET http://localhost:5217/config.js, Response status code: 404
2026-01-14 21:04:43.909 -03:00 [INF] Request starting HTTP/1.1 GET http://localhost:5217/planos.html - null null
2026-01-14 21:04:43.914 -03:00 [INF] Sending file. Request path: '/planos.html'. Physical path: 'C:\Users\klock\OneDrive\Desktop\PROJFACILITY.IA\wwwroot\planos.html'
2026-01-14 21:04:43.916 -03:00 [INF] Request finished HTTP/1.1 GET http://localhost:5217/planos.html - 200 5493 text/html 7.4602ms
2026-01-14 21:04:43.927 -03:00 [INF] Request starting HTTP/1.1 GET http://localhost:5217/config.js - null null
2026-01-14 21:04:43.932 -03:00 [INF] Request finished HTTP/1.1 GET http://localhost:5217/config.js - 404 0 null 4.512ms
2026-01-14 21:04:43.935 -03:00 [INF] Request reached the end of the middleware pipeline without being handled by application code. Request path: GET http://localhost:5217/config.js, Response status code: 404
2026-01-14 21:04:45.393 -03:00 [INF] Request starting HTTP/1.1 GET http://localhost:5217/config.js - null null
2026-01-14 21:04:45.398 -03:00 [INF] Request finished HTTP/1.1 GET http://localhost:5217/config.js - 404 0 null 4.6218ms
2026-01-14 21:04:45.403 -03:00 [INF] Request reached the end of the middleware pipeline without being handled by application code. Request path: GET http://localhost:5217/config.js, Response status code: 404
2026-01-14 21:04:46.154 -03:00 [INF] Request starting HTTP/1.1 GET http://localhost:5217/config.js - null null
2026-01-14 21:04:46.162 -03:00 [INF] Request finished HTTP/1.1 GET http://localhost:5217/config.js - 404 0 null 8.7371ms
2026-01-14 21:04:46.167 -03:00 [INF] Request reached the end of the middleware pipeline without being handled by application code. Request path: GET http://localhost:5217/config.js, Response status code: 404
2026-01-14 21:56:10.572 -03:00 [INF] User profile is available. Using 'C:\Users\klock\AppData\Local\ASP.NET\DataProtection-Keys' as key repository and Windows DPAPI to encrypt keys at rest.
2026-01-14 21:56:10.669 -03:00 [INF] Now listening on: http://localhost:5217
2026-01-14 21:56:10.675 -03:00 [INF] Application started. Press Ctrl+C to shut down.
2026-01-14 21:56:10.678 -03:00 [INF] Hosting environment: Development
2026-01-14 21:56:10.679 -03:00 [INF] Content root path: C:\Users\klock\OneDrive\Desktop\PROJFACILITY.IA
2026-01-14 21:56:22.937 -03:00 [INF] Request starting HTTP/1.1 GET http://localhost:5217/ - null null
2026-01-14 21:56:23.169 -03:00 [INF] Sending file. Request path: '/index.html'. Physical path: 'C:\Users\klock\OneDrive\Desktop\PROJFACILITY.IA\wwwroot\index.html'
2026-01-14 21:56:23.181 -03:00 [INF] Request starting HTTP/1.1 GET http://localhost:5217/script.js - null null
2026-01-14 21:56:23.226 -03:00 [INF] Request finished HTTP/1.1 GET http://localhost:5217/index.html - 200 14533 text/html 292.2182ms
2026-01-14 21:56:23.242 -03:00 [INF] Sending file. Request path: '/script.js'. Physical path: 'C:\Users\klock\OneDrive\Desktop\PROJFACILITY.IA\wwwroot\script.js'
2026-01-14 21:56:23.247 -03:00 [INF] Request starting HTTP/1.1 GET http://localhost:5217/config.js - null null
2026-01-14 21:56:23.248 -03:00 [INF] Request finished HTTP/1.1 GET http://localhost:5217/script.js - 200 10030 text/javascript 69.3266ms
2026-01-14 21:56:23.258 -03:00 [WRN] Failed to determine the https port for redirect.
2026-01-14 21:56:23.386 -03:00 [INF] Request finished HTTP/1.1 GET http://localhost:5217/config.js - 404 0 null 138.3637ms
2026-01-14 21:56:23.394 -03:00 [INF] Request reached the end of the middleware pipeline without being handled by application code. Request path: GET http://localhost:5217/config.js, Response status code: 404
2026-01-14 21:56:23.470 -03:00 [INF] Request starting HTTP/1.1 GET http://localhost:5217/favicon.ico - null null
2026-01-14 21:56:23.478 -03:00 [INF] Request finished HTTP/1.1 GET http://localhost:5217/favicon.ico - 404 0 null 7.1092ms
2026-01-14 21:56:23.487 -03:00 [INF] Request reached the end of the middleware pipeline without being handled by application code. Request path: GET http://localhost:5217/favicon.ico, Response status code: 404
2026-01-14 21:56:57.954 -03:00 [INF] Request starting HTTP/1.1 GET http://localhost:5217/.well-known/appspecific/com.chrome.devtools.json - null null
2026-01-14 21:56:57.972 -03:00 [INF] Request finished HTTP/1.1 GET http://localhost:5217/.well-known/appspecific/com.chrome.devtools.json - 404 0 null 17.3992ms
2026-01-14 21:56:57.982 -03:00 [INF] Request reached the end of the middleware pipeline without being handled by application code. Request path: GET http://localhost:5217/.well-known/appspecific/com.chrome.devtools.json, Response status code: 404
2026-01-14 21:58:20.654 -03:00 [INF] Request starting HTTP/1.1 GET http://localhost:5217/script.js - null null
2026-01-14 21:58:20.656 -03:00 [INF] Request starting HTTP/1.1 GET http://localhost:5217/config.js - null null
2026-01-14 21:58:20.710 -03:00 [INF] The file /script.js was not modified
2026-01-14 21:58:20.713 -03:00 [INF] Request finished HTTP/1.1 GET http://localhost:5217/config.js - 404 0 null 57.3407ms
2026-01-14 21:58:20.717 -03:00 [INF] Request finished HTTP/1.1 GET http://localhost:5217/script.js - 304 null text/javascript 62.8361ms
2026-01-14 21:58:20.720 -03:00 [INF] Request reached the end of the middleware pipeline without being handled by application code. Request path: GET http://localhost:5217/config.js, Response status code: 404
2026-01-14 21:58:20.825 -03:00 [INF] Request starting HTTP/1.1 GET http://localhost:5217/favicon.ico - null null
2026-01-14 21:58:20.829 -03:00 [INF] Request finished HTTP/1.1 GET http://localhost:5217/favicon.ico - 404 0 null 3.8739ms
2026-01-14 21:58:20.834 -03:00 [INF] Request reached the end of the middleware pipeline without being handled by application code. Request path: GET http://localhost:5217/favicon.ico, Response status code: 404
2026-01-14 22:01:58.416 -03:00 [INF] Request starting HTTP/1.1 GET http://localhost:5217/ - null null
2026-01-14 22:01:58.426 -03:00 [INF] The file /index.html was not modified
2026-01-14 22:01:58.428 -03:00 [INF] Request finished HTTP/1.1 GET http://localhost:5217/index.html - 304 null text/html 11.7023ms
2026-01-14 22:01:58.453 -03:00 [INF] Request starting HTTP/1.1 GET http://localhost:5217/script.js - null null
2026-01-14 22:01:58.453 -03:00 [INF] Request starting HTTP/1.1 GET http://localhost:5217/config.js - null null
2026-01-14 22:01:58.458 -03:00 [INF] The file /script.js was not modified
2026-01-14 22:01:58.462 -03:00 [INF] Request finished HTTP/1.1 GET http://localhost:5217/config.js - 404 0 null 8.7125ms
2026-01-14 22:01:58.462 -03:00 [INF] Request finished HTTP/1.1 GET http://localhost:5217/script.js - 304 null text/javascript 9.2014ms
2026-01-14 22:01:58.466 -03:00 [INF] Request reached the end of the middleware pipeline without being handled by application code. Request path: GET http://localhost:5217/config.js, Response status code: 404
2026-01-14 22:01:58.590 -03:00 [INF] Request starting HTTP/1.1 GET http://localhost:5217/favicon.ico - null null
2026-01-14 22:01:58.593 -03:00 [INF] Request finished HTTP/1.1 GET http://localhost:5217/favicon.ico - 404 0 null 2.4422ms
2026-01-14 22:01:58.595 -03:00 [INF] Request reached the end of the middleware pipeline without being handled by application code. Request path: GET http://localhost:5217/favicon.ico, Response status code: 404
2026-01-14 22:02:01.262 -03:00 [INF] Request starting HTTP/1.1 GET http://localhost:5217/login.html - null null
2026-01-14 22:02:01.265 -03:00 [INF] The file /login.html was not modified
2026-01-14 22:02:01.267 -03:00 [INF] Request finished HTTP/1.1 GET http://localhost:5217/login.html - 304 null text/html 5.2958ms
2026-01-14 22:02:01.283 -03:00 [INF] Request starting HTTP/1.1 GET http://localhost:5217/script.js?v=99 - null null
2026-01-14 22:02:01.289 -03:00 [INF] Sending file. Request path: '/script.js'. Physical path: 'C:\Users\klock\OneDrive\Desktop\PROJFACILITY.IA\wwwroot\script.js'
2026-01-14 22:02:01.293 -03:00 [INF] Request finished HTTP/1.1 GET http://localhost:5217/script.js?v=99 - 200 10030 text/javascript 9.5944ms
2026-01-14 22:02:12.086 -03:00 [INF] Request starting HTTP/1.1 POST http://localhost:5217/api/auth/login - application/json 57
2026-01-14 22:02:12.094 -03:00 [INF] CORS policy execution successful.
2026-01-14 22:02:12.099 -03:00 [INF] Executing endpoint 'PROJFACILITY.IA.Controllers.AuthController.Login (PROJFACILITY.IA)'
2026-01-14 22:02:12.133 -03:00 [INF] Route matched with {action = "Login", controller = "Auth"}. Executing controller action with signature System.Threading.Tasks.Task`1[Microsoft.AspNetCore.Mvc.IActionResult] Login(PROJFACILITY.IA.Controllers.LoginRequest) on controller PROJFACILITY.IA.Controllers.AuthController (PROJFACILITY.IA).
2026-01-14 22:02:14.000 -03:00 [INF] Executed DbCommand (215ms) [Parameters=[@__request_Email_0='?' (Size = 4000)], CommandType='"Text"', CommandTimeout='30']
SELECT TOP(1) [u].[Id], [u].[CreatedAt], [u].[Email], [u].[IsActive], [u].[LastLogin], [u].[LastResetDate], [u].[Name], [u].[Password], [u].[Plan], [u].[Role], [u].[SubscriptionCycle], [u].[UsedTokensCurrentMonth], [u].[VerificationCode], [u].[VerificationCodeExpires]
FROM [Users] AS [u]
WHERE [u].[Email] = @__request_Email_0
2026-01-14 22:02:14.607 -03:00 [INF] Executed DbCommand (156ms) [Parameters=[@p1='?' (DbType = Int32), @p0='?' (DbType = DateTime2)], CommandType='"Text"', CommandTimeout='30']
SET IMPLICIT_TRANSACTIONS OFF;
SET NOCOUNT ON;
UPDATE [Users] SET [LastLogin] = @p0
OUTPUT 1
WHERE [Id] = @p1;
2026-01-14 22:02:14.620 -03:00 [INF] Executing OkObjectResult, writing value of type '<>f__AnonymousType7`2[[System.String, System.Private.CoreLib, Version=8.0.0.0, Culture=neutral, PublicKeyToken=7cec85d7bea7798e],[<>f__AnonymousType8`4[[System.Int32, System.Private.CoreLib, Version=8.0.0.0, Culture=neutral, PublicKeyToken=7cec85d7bea7798e],[System.String, System.Private.CoreLib, Version=8.0.0.0, Culture=neutral, PublicKeyToken=7cec85d7bea7798e],[System.String, System.Private.CoreLib, Version=8.0.0.0, Culture=neutral, PublicKeyToken=7cec85d7bea7798e],[System.String, System.Private.CoreLib, Version=8.0.0.0, Culture=neutral, PublicKeyToken=7cec85d7bea7798e]], PROJFACILITY.IA, Version=1.0.0.0, Culture=neutral, PublicKeyToken=null]]'.
2026-01-14 22:02:14.641 -03:00 [INF] Executed action PROJFACILITY.IA.Controllers.AuthController.Login (PROJFACILITY.IA) in 2501.9055ms
2026-01-14 22:02:14.644 -03:00 [INF] Executed endpoint 'PROJFACILITY.IA.Controllers.AuthController.Login (PROJFACILITY.IA)'
2026-01-14 22:02:14.652 -03:00 [INF] Request finished HTTP/1.1 POST http://localhost:5217/api/auth/login - 200 null application/json; charset=utf-8 2565.8337ms
2026-01-14 22:02:15.675 -03:00 [INF] Request starting HTTP/1.1 GET http://localhost:5217/dashboard.html - null null
2026-01-14 22:02:15.739 -03:00 [INF] Sending file. Request path: '/dashboard.html'. Physical path: 'C:\Users\klock\OneDrive\Desktop\PROJFACILITY.IA\wwwroot\dashboard.html'
2026-01-14 22:02:15.741 -03:00 [INF] Request finished HTTP/1.1 GET http://localhost:5217/dashboard.html - 200 16871 text/html 66.7405ms
2026-01-14 22:02:15.747 -03:00 [INF] Request starting HTTP/1.1 GET http://localhost:5217/config.js - null null
2026-01-14 22:02:15.751 -03:00 [INF] Request finished HTTP/1.1 GET http://localhost:5217/config.js - 404 0 null 4.0576ms
2026-01-14 22:02:15.753 -03:00 [INF] Request reached the end of the middleware pipeline without being handled by application code. Request path: GET http://localhost:5217/config.js, Response status code: 404
2026-01-14 22:02:38.444 -03:00 [INF] Request starting HTTP/1.1 GET http://localhost:5217/.well-known/appspecific/com.chrome.devtools.json - null null
2026-01-14 22:02:38.449 -03:00 [INF] Request finished HTTP/1.1 GET http://localhost:5217/.well-known/appspecific/com.chrome.devtools.json - 404 0 null 4.5573ms
2026-01-14 22:02:38.454 -03:00 [INF] Request reached the end of the middleware pipeline without being handled by application code. Request path: GET http://localhost:5217/.well-known/appspecific/com.chrome.devtools.json, Response status code: 404
